<?xml version="1.0" encoding="UTF-8"?>
<!-- Generated by org.testng.reporters.JUnitReportReporter -->
<testsuite hostname="LAPTOP-78I34NMD" failures="0" tests="3" name="tests.Solution2" time="39.874" errors="0" timestamp="2021-08-31T14:50:27 IST" skipped="0">
  <testcase classname="tests.Solution2" name="flipkartAction" time="12.453"/>
  <system-out/>
  <testcase classname="tests.Solution2" name="flipkartActio" time="16.350"/>
  <system-out/>
  <testcase classname="tests.Solution2" name="flipkartAc" time="11.071"/>
  <system-out/>
</testsuite> <!-- tests.Solution2 -->
