<?xml version="1.0" encoding="UTF-8"?>
<!-- Generated by org.testng.reporters.JUnitReportReporter -->
<testsuite hostname="LAPTOP-78I34NMD" failures="0" tests="3" name="tests.checkTestngpriority" time="0.009" errors="0" timestamp="2021-08-10T11:41:15 IST" skipped="0">
  <testcase classname="tests.checkTestngpriority" name="flipkartAction1" time="0.007"/>
  <system-out/>
  <testcase classname="tests.checkTestngpriority" name="flipkartAction" time="0.001"/>
  <system-out/>
  <testcase classname="tests.checkTestngpriority" name="flipkartAction11" time="0.001"/>
  <system-out/>
</testsuite> <!-- tests.checkTestngpriority -->
