<?xml version="1.0" encoding="UTF-8"?>
<!-- Generated by org.testng.reporters.JUnitReportReporter -->
<testsuite skipped="0" hostname="Admin-PC" name="base.testExample" tests="1" failures="0" timestamp="30 Apr 2021 07:36:18 GMT" time="39.336" errors="0">
  <testcase name="f" time="39.336" classname="base.testExample"/>
</testsuite> <!-- base.testExample -->
