<?xml version="1.0" encoding="UTF-8"?>
<!-- Generated by org.testng.reporters.JUnitReportReporter -->
<testsuite skipped="0" hostname="Admin-PC" name="tests.testExample" tests="2" failures="0" timestamp="01 May 2021 03:02:30 GMT" time="67.651" errors="0">
  <testcase name="f" time="30.562" classname="tests.testExample"/>
  <testcase name="f" time="37.089" classname="tests.testExample"/>
</testsuite> <!-- tests.testExample -->
